pio run
Processing tdongle-s3 (platform: https://github.com/pioarduino/platform-espressif32/releases/download/55.03.38/platform-espressif32.zip; board: esp32-s3-devkitc-1; framework: espidf)
--------------------------------------------------------------------------------
Verbose mode can be enabled via `-v, --verbose` option
CONFIGURATION: https://docs.platformio.org/page/boards/espressif32/esp32-s3-devkitc-1.html
PLATFORM: Espressif 32 (55.3.38) > Espressif ESP32-S3-DevKitC-1-N8 (8 MB QD, No PSRAM)
HARDWARE: ESP32S3 240MHz, 320KB RAM, 8MB Flash
DEBUG: Current (esp-builtin) On-board (esp-builtin) External (cmsis-dap, esp-bridge, esp-prog, esp-prog-2, iot-bus-jtag, jlink, minimodule, olimex-arm-usb-ocd, olimex-arm-usb-ocd-h, olimex-arm-usb-tiny-h, olimex-jtag-tiny, tumpa)
PACKAGES: 
 - contrib-piohome @ 3.4.4 
 - framework-espidf @ 3.50504.0 (5.5.4) 
 - tool-cmake @ 4.0.3 
 - tool-esp-rom-elfs @ 2024.10.11 
 - tool-esptoolpy @ 5.2.0 
 - tool-ninja @ 1.13.1 
 - tool-scons @ 4.40801.0 (4.8.1) 
 - tool-xtensa-esp-elf-gdb @ 16.3.0+20250913 
 - toolchain-xtensa-esp-elf @ 14.2.0+20260121
Using Python 3.14.4 environment at: /Users/jae/.platformio/penv/.espidf-5.5.4
Reading CMake configuration...
LDF: Library Dependency Finder -> https://bit.ly/configure-pio-ldf
LDF Modes: Finder ~ chain, Compatibility ~ soft
Found 0 compatible libraries
Scanning dependencies...
No dependencies
Building in release mode
Compiling .pio/build/tdongle-s3/src/partition_fixup.c.o
Linking .pio/build/tdongle-s3/firmware.elf
                            Memory Type Usage Summary                             
┏━━━━━━━━━━━━━━━━━━━━━┳━━━━━━━━━━━━━━┳━━━━━━━━━━┳━━━━━━━━━━━━━━━━┳━━━━━━━━━━━━━━━┓
┃ Memory Type/Section ┃ Used [bytes] ┃ Used [%] ┃ Remain [bytes] ┃ Total [bytes] ┃
┡━━━━━━━━━━━━━━━━━━━━━╇━━━━━━━━━━━━━━╇━━━━━━━━━━╇━━━━━━━━━━━━━━━━╇━━━━━━━━━━━━━━━┩
│ Flash Code          │       778756 │          │                │               │
│    .text            │       778756 │          │                │               │
│ Flash Data          │       264852 │          │                │               │
│    .rodata          │       264596 │          │                │               │
│    .appdesc         │          256 │          │                │               │
│ DIRAM               │       167511 │    49.01 │         174249 │        341760 │
│    .text            │       100871 │    29.52 │                │               │
│    .bss             │        47120 │    13.79 │                │               │
│    .data            │        18492 │     5.41 │                │               │
│    .vectors         │         1028 │      0.3 │                │               │
└─────────────────────┴──────────────┴──────────┴────────────────┴───────────────┘
Total image size: 1163999 bytes (.bin may be padded larger)
Note: The reported total sizes may be smaller than those in the technical reference manual due to reserved memory and application configuration. The total flash size available for the application is not included by default, as it cannot be reliably determined due to the presence of other data like the bootloader, partition table, and application partition size.
Retrieving maximum program size .pio/build/tdongle-s3/firmware.elf
Checking size .pio/build/tdongle-s3/firmware.elf
Advanced Memory Usage is available via "PlatformIO Home > Project Inspect"
RAM:   [==        ]  20.0% (used 65612 bytes from 327680 bytes)
Flash: [======    ]  59.2% (used 1163743 bytes from 1966080 bytes)
Building .pio/build/tdongle-s3/firmware.bin
esptool v5.2.0
Creating ESP32-S3 image...
Merged 2 ELF sections.
Successfully created ESP32-S3 image.
Creating binary "firmware.factory.bin" with:
    Offset   | File
 -  0x0      | bootloader.bin
 -  0x8000   | partitions.bin
 -  0xf000   | ota_data_initial.bin
 -  0x20000  | firmware.bin
Successfully created combined binary image.
========================= [SUCCESS] Took 5.59 seconds =========================

Processing bitaxe-601 (platform: https://github.com/pioarduino/platform-espressif32/releases/download/55.03.38/platform-espressif32.zip; board: esp32-s3-devkitc-1; framework: espidf)
--------------------------------------------------------------------------------
Verbose mode can be enabled via `-v, --verbose` option
CONFIGURATION: https://docs.platformio.org/page/boards/espressif32/esp32-s3-devkitc-1.html
PLATFORM: Espressif 32 (55.3.38) > Espressif ESP32-S3-DevKitC-1-N8 (8 MB QD, No PSRAM)
HARDWARE: ESP32S3 240MHz, 320KB RAM, 8MB Flash
DEBUG: Current (esp-builtin) On-board (esp-builtin) External (cmsis-dap, esp-bridge, esp-prog, esp-prog-2, iot-bus-jtag, jlink, minimodule, olimex-arm-usb-ocd, olimex-arm-usb-ocd-h, olimex-arm-usb-tiny-h, olimex-jtag-tiny, tumpa)
PACKAGES: 
 - contrib-piohome @ 3.4.4 
 - framework-espidf @ 3.50504.0 (5.5.4) 
 - tool-cmake @ 4.0.3 
 - tool-esp-rom-elfs @ 2024.10.11 
 - tool-esptoolpy @ 5.2.0 
 - tool-ninja @ 1.13.1 
 - tool-scons @ 4.40801.0 (4.8.1) 
 - tool-xtensa-esp-elf-gdb @ 16.3.0+20250913 
 - toolchain-xtensa-esp-elf @ 14.2.0+20260121
Using Python 3.14.4 environment at: /Users/jae/.platformio/penv/.espidf-5.5.4
Reading CMake configuration...
LDF: Library Dependency Finder -> https://bit.ly/configure-pio-ldf
LDF Modes: Finder ~ chain, Compatibility ~ soft
Found 0 compatible libraries
Scanning dependencies...
No dependencies
Building in release mode
Compiling .pio/build/bitaxe-601/src/partition_fixup.c.o
Linking .pio/build/bitaxe-601/firmware.elf
                            Memory Type Usage Summary                             
┏━━━━━━━━━━━━━━━━━━━━━┳━━━━━━━━━━━━━━┳━━━━━━━━━━┳━━━━━━━━━━━━━━━━┳━━━━━━━━━━━━━━━┓
┃ Memory Type/Section ┃ Used [bytes] ┃ Used [%] ┃ Remain [bytes] ┃ Total [bytes] ┃
┡━━━━━━━━━━━━━━━━━━━━━╇━━━━━━━━━━━━━━╇━━━━━━━━━━╇━━━━━━━━━━━━━━━━╇━━━━━━━━━━━━━━━┩
│ Flash Code          │       798252 │          │                │               │
│    .text            │       798252 │          │                │               │
│ Flash Data          │       267624 │          │                │               │
│    .rodata          │       267368 │          │                │               │
│    .appdesc         │          256 │          │                │               │
│ DIRAM               │       162227 │    47.47 │         179533 │        341760 │
│    .text            │        92447 │    27.05 │                │               │
│    .bss             │        50744 │    14.85 │                │               │
│    .data            │        18008 │     5.27 │                │               │
│    .vectors         │         1028 │      0.3 │                │               │
└─────────────────────┴──────────────┴──────────┴────────────────┴───────────────┘
Total image size: 1177359 bytes (.bin may be padded larger)
Note: The reported total sizes may be smaller than those in the technical reference manual due to reserved memory and application configuration. The total flash size available for the application is not included by default, as it cannot be reliably determined due to the presence of other data like the bootloader, partition table, and application partition size.
Retrieving maximum program size .pio/build/bitaxe-601/firmware.elf
Checking size .pio/build/bitaxe-601/firmware.elf
Advanced Memory Usage is available via "PlatformIO Home > Project Inspect"
RAM:   [==        ]  21.0% (used 68752 bytes from 327680 bytes)
Flash: [======    ]  59.9% (used 1177103 bytes from 1966080 bytes)
Building .pio/build/bitaxe-601/firmware.bin
esptool v5.2.0
Creating ESP32-S3 image...
Merged 2 ELF sections.
Successfully created ESP32-S3 image.
Creating binary "firmware.factory.bin" with:
    Offset   | File
 -  0x0      | bootloader.bin
 -  0x8000   | partitions.bin
 -  0xf000   | ota_data_initial.bin
 -  0x20000  | firmware.bin
Successfully created combined binary image.
========================= [SUCCESS] Took 5.65 seconds =========================

Processing bitaxe-403 (platform: https://github.com/pioarduino/platform-espressif32/releases/download/55.03.38/platform-espressif32.zip; board: esp32-s3-devkitc-1; framework: espidf)
--------------------------------------------------------------------------------
Verbose mode can be enabled via `-v, --verbose` option
CONFIGURATION: https://docs.platformio.org/page/boards/espressif32/esp32-s3-devkitc-1.html
PLATFORM: Espressif 32 (55.3.38) > Espressif ESP32-S3-DevKitC-1-N8 (8 MB QD, No PSRAM)
HARDWARE: ESP32S3 240MHz, 320KB RAM, 8MB Flash
DEBUG: Current (esp-builtin) On-board (esp-builtin) External (cmsis-dap, esp-bridge, esp-prog, esp-prog-2, iot-bus-jtag, jlink, minimodule, olimex-arm-usb-ocd, olimex-arm-usb-ocd-h, olimex-arm-usb-tiny-h, olimex-jtag-tiny, tumpa)
PACKAGES: 
 - contrib-piohome @ 3.4.4 
 - framework-espidf @ 3.50504.0 (5.5.4) 
 - tool-cmake @ 4.0.3 
 - tool-esp-rom-elfs @ 2024.10.11 
 - tool-esptoolpy @ 5.2.0 
 - tool-ninja @ 1.13.1 
 - tool-scons @ 4.40801.0 (4.8.1) 
 - tool-xtensa-esp-elf-gdb @ 16.3.0+20250913 
 - toolchain-xtensa-esp-elf @ 14.2.0+20260121
Using Python 3.14.4 environment at: /Users/jae/.platformio/penv/.espidf-5.5.4
Reading CMake configuration...
LDF: Library Dependency Finder -> https://bit.ly/configure-pio-ldf
LDF Modes: Finder ~ chain, Compatibility ~ soft
Found 0 compatible libraries
Scanning dependencies...
No dependencies
Building in release mode
Compiling .pio/build/bitaxe-403/src/partition_fixup.c.o
Linking .pio/build/bitaxe-403/firmware.elf
                            Memory Type Usage Summary                             
┏━━━━━━━━━━━━━━━━━━━━━┳━━━━━━━━━━━━━━┳━━━━━━━━━━┳━━━━━━━━━━━━━━━━┳━━━━━━━━━━━━━━━┓
┃ Memory Type/Section ┃ Used [bytes] ┃ Used [%] ┃ Remain [bytes] ┃ Total [bytes] ┃
┡━━━━━━━━━━━━━━━━━━━━━╇━━━━━━━━━━━━━━╇━━━━━━━━━━╇━━━━━━━━━━━━━━━━╇━━━━━━━━━━━━━━━┩
│ Flash Code          │       799352 │          │                │               │
│    .text            │       799352 │          │                │               │
│ Flash Data          │       267560 │          │                │               │
│    .rodata          │       267304 │          │                │               │
│    .appdesc         │          256 │          │                │               │
│ DIRAM               │       162219 │    47.47 │         179541 │        341760 │
│    .text            │        92447 │    27.05 │                │               │
│    .bss             │        50736 │    14.85 │                │               │
│    .data            │        18008 │     5.27 │                │               │
│    .vectors         │         1028 │      0.3 │                │               │
└─────────────────────┴──────────────┴──────────┴────────────────┴───────────────┘
Total image size: 1178395 bytes (.bin may be padded larger)
Note: The reported total sizes may be smaller than those in the technical reference manual due to reserved memory and application configuration. The total flash size available for the application is not included by default, as it cannot be reliably determined due to the presence of other data like the bootloader, partition table, and application partition size.
Retrieving maximum program size .pio/build/bitaxe-403/firmware.elf
Checking size .pio/build/bitaxe-403/firmware.elf
Advanced Memory Usage is available via "PlatformIO Home > Project Inspect"
RAM:   [==        ]  21.0% (used 68744 bytes from 327680 bytes)
Flash: [======    ]  59.9% (used 1178139 bytes from 1966080 bytes)
Building .pio/build/bitaxe-403/firmware.bin
esptool v5.2.0
Creating ESP32-S3 image...
Merged 2 ELF sections.
Successfully created ESP32-S3 image.
Creating binary "firmware.factory.bin" with:
    Offset   | File
 -  0x0      | bootloader.bin
 -  0x8000   | partitions.bin
 -  0xf000   | ota_data_initial.bin
 -  0x20000  | firmware.bin
Successfully created combined binary image.
========================= [SUCCESS] Took 5.74 seconds =========================

Processing bitaxe-650 (platform: https://github.com/pioarduino/platform-espressif32/releases/download/55.03.38/platform-espressif32.zip; board: esp32-s3-devkitc-1; framework: espidf)
--------------------------------------------------------------------------------
Verbose mode can be enabled via `-v, --verbose` option
CONFIGURATION: https://docs.platformio.org/page/boards/espressif32/esp32-s3-devkitc-1.html
PLATFORM: Espressif 32 (55.3.38) > Espressif ESP32-S3-DevKitC-1-N8 (8 MB QD, No PSRAM)
HARDWARE: ESP32S3 240MHz, 320KB RAM, 8MB Flash
DEBUG: Current (esp-builtin) On-board (esp-builtin) External (cmsis-dap, esp-bridge, esp-prog, esp-prog-2, iot-bus-jtag, jlink, minimodule, olimex-arm-usb-ocd, olimex-arm-usb-ocd-h, olimex-arm-usb-tiny-h, olimex-jtag-tiny, tumpa)
PACKAGES: 
 - contrib-piohome @ 3.4.4 
 - framework-espidf @ 3.50504.0 (5.5.4) 
 - tool-cmake @ 4.0.3 
 - tool-esp-rom-elfs @ 2024.10.11 
 - tool-esptoolpy @ 5.2.0 
 - tool-ninja @ 1.13.1 
 - tool-scons @ 4.40801.0 (4.8.1) 
 - tool-xtensa-esp-elf-gdb @ 16.3.0+20250913 
 - toolchain-xtensa-esp-elf @ 14.2.0+20260121
Using Python 3.14.4 environment at: /Users/jae/.platformio/penv/.espidf-5.5.4
Reading CMake configuration...
LDF: Library Dependency Finder -> https://bit.ly/configure-pio-ldf
LDF Modes: Finder ~ chain, Compatibility ~ soft
Found 0 compatible libraries
Scanning dependencies...
No dependencies
Building in release mode
Compiling .pio/build/bitaxe-650/src/partition_fixup.c.o
Linking .pio/build/bitaxe-650/firmware.elf
                            Memory Type Usage Summary                             
┏━━━━━━━━━━━━━━━━━━━━━┳━━━━━━━━━━━━━━┳━━━━━━━━━━┳━━━━━━━━━━━━━━━━┳━━━━━━━━━━━━━━━┓
┃ Memory Type/Section ┃ Used [bytes] ┃ Used [%] ┃ Remain [bytes] ┃ Total [bytes] ┃
┡━━━━━━━━━━━━━━━━━━━━━╇━━━━━━━━━━━━━━╇━━━━━━━━━━╇━━━━━━━━━━━━━━━━╇━━━━━━━━━━━━━━━┩
│ Flash Code          │       799600 │          │                │               │
│    .text            │       799600 │          │                │               │
│ Flash Data          │       267624 │          │                │               │
│    .rodata          │       267368 │          │                │               │
│    .appdesc         │          256 │          │                │               │
│ DIRAM               │       162419 │    47.52 │         179341 │        341760 │
│    .text            │        92447 │    27.05 │                │               │
│    .bss             │        50936 │     14.9 │                │               │
│    .data            │        18008 │     5.27 │                │               │
│    .vectors         │         1028 │      0.3 │                │               │
└─────────────────────┴──────────────┴──────────┴────────────────┴───────────────┘
Total image size: 1178707 bytes (.bin may be padded larger)
Note: The reported total sizes may be smaller than those in the technical reference manual due to reserved memory and application configuration. The total flash size available for the application is not included by default, as it cannot be reliably determined due to the presence of other data like the bootloader, partition table, and application partition size.
Retrieving maximum program size .pio/build/bitaxe-650/firmware.elf
Checking size .pio/build/bitaxe-650/firmware.elf
Advanced Memory Usage is available via "PlatformIO Home > Project Inspect"
RAM:   [==        ]  21.0% (used 68944 bytes from 327680 bytes)
Flash: [======    ]  59.9% (used 1178451 bytes from 1966080 bytes)
Building .pio/build/bitaxe-650/firmware.bin
esptool v5.2.0
Creating ESP32-S3 image...
Merged 2 ELF sections.
Successfully created ESP32-S3 image.
Creating binary "firmware.factory.bin" with:
    Offset   | File
 -  0x0      | bootloader.bin
 -  0x8000   | partitions.bin
 -  0xf000   | ota_data_initial.bin
 -  0x20000  | firmware.bin
Successfully created combined binary image.
========================= [SUCCESS] Took 5.60 seconds =========================

Environment    Status    Duration
-------------  --------  ------------
tdongle-s3     SUCCESS   00:00:05.587
bitaxe-601     SUCCESS   00:00:05.646
bitaxe-403     SUCCESS   00:00:05.737
bitaxe-650     SUCCESS   00:00:05.600
========================= 4 succeeded in 00:00:22.571 =========================
